2022-12-31 16:11:05 DEBUG TelegramBot:30 - J
2022-12-31 16:15:42 DEBUG TelegramBot:31 - Ffg
2022-12-31 16:23:45 DEBUG TelegramBot:33 - Ggh
2022-12-31 16:34:56 DEBUG TelegramBot:33 - Hgh
2022-12-31 16:52:16 DEBUG TelegramBot:33 - 😘
2022-12-31 16:52:28 DEBUG TelegramBot:33 - 
2022-12-31 18:04:10 DEBUG UpdateProducerImpl:14 - rtgre
2022-12-31 18:04:18 ERROR UpdateController:35 - Unsupported message type is received: Update(updateId=124804258, message=null, inlineQuery=null, chosenInlineQuery=null, callbackQuery=null, editedMessage=Message(messageId=14, messageThreadId=null, from=User(id=211926267, firstName=Александр, isBot=false, lastName=Александров, userName=New_Telega, languageCode=ru, canJoinGroups=null, canReadAllGroupMessages=null, supportInlineQueries=null, isPremium=null, addedToAttachmentMenu=null), date=1672499050, chat=Chat(id=211926267, type=private, title=null, firstName=Александр, lastName=Александров, userName=New_Telega, photo=null, description=null, inviteLink=null, pinnedMessage=null, stickerSetName=null, canSetStickerSet=null, permissions=null, slowModeDelay=null, bio=null, linkedChatId=null, location=null, messageAutoDeleteTime=null, hasPrivateForwards=null, HasProtectedContent=null, joinToSendMessages=null, joinByRequest=null, hasRestrictedVoiceAndVideoMessages=null, isForum=null, activeUsernames=null, emojiStatusCustomEmojiId=null), forwardFrom=null, forwardFromChat=null, forwardDate=null, text=rtgrej, entities=null, captionEntities=null, audio=null, document=null, photo=null, sticker=null, video=null, contact=null, location=null, venue=null, animation=null, pinnedMessage=null, newChatMembers=[], leftChatMember=null, newChatTitle=null, newChatPhoto=null, deleteChatPhoto=null, groupchatCreated=null, replyToMessage=null, voice=null, caption=null, superGroupCreated=null, channelChatCreated=null, migrateToChatId=null, migrateFromChatId=null, editDate=1672499058, game=null, forwardFromMessageId=null, invoice=null, successfulPayment=null, videoNote=null, authorSignature=null, forwardSignature=null, mediaGroupId=null, connectedWebsite=null, passportData=null, forwardSenderName=null, poll=null, replyMarkup=null, dice=null, viaBot=null, senderChat=null, proximityAlertTriggered=null, messageAutoDeleteTimerChanged=null, isAutomaticForward=null, hasProtectedContent=null, webAppData=null, videoChatStarted=null, videoChatEnded=null, videoChatParticipantsInvited=null, videoChatScheduled=null, isTopicMessage=null, forumTopicCreated=null, forumTopicClosed=null, forumTopicReopened=null), channelPost=null, editedChannelPost=null, shippingQuery=null, preCheckoutQuery=null, poll=null, pollAnswer=null, myChatMember=null, chatMember=null, chatJoinRequest=null)
2022-12-31 18:05:11 DEBUG UpdateProducerImpl:14 - 
2022-12-31 18:05:18 DEBUG UpdateProducerImpl:14 - 
2022-12-31 18:05:54 DEBUG UpdateProducerImpl:14 - 
2022-12-31 18:06:02 DEBUG UpdateProducerImpl:14 - 
2022-12-31 18:10:03 DEBUG UpdateProducerImpl:14 - Oj
2022-12-31 18:10:11 DEBUG UpdateProducerImpl:14 - 
2022-12-31 18:10:50 DEBUG UpdateProducerImpl:14 - 
2022-12-31 18:12:58 DEBUG UpdateProducerImpl:14 - Ghh
2022-12-31 18:14:46 DEBUG UpdateProducerImpl:14 - 
2022-12-31 18:17:44 DEBUG UpdateProducerImpl:15 - Ggg
2022-12-31 18:17:49 DEBUG UpdateProducerImpl:15 - 
2022-12-31 18:18:49 DEBUG UpdateProducerImpl:15 - 
2022-12-31 18:21:31 DEBUG UpdateProducerImpl:14 - Ggg
2022-12-31 18:21:35 DEBUG UpdateProducerImpl:14 - 
2022-12-31 18:21:42 DEBUG UpdateProducerImpl:14 - 
2022-12-31 18:22:02 ERROR UpdateController:35 - Unsupported message type is received: Update(updateId=124804276, message=null, inlineQuery=null, chosenInlineQuery=null, callbackQuery=null, editedMessage=Message(messageId=29, messageThreadId=null, from=User(id=211926267, firstName=Александр, isBot=false, lastName=Александров, userName=New_Telega, languageCode=ru, canJoinGroups=null, canReadAllGroupMessages=null, supportInlineQueries=null, isPremium=null, addedToAttachmentMenu=null), date=1672500091, chat=Chat(id=211926267, type=private, title=null, firstName=Александр, lastName=Александров, userName=New_Telega, photo=null, description=null, inviteLink=null, pinnedMessage=null, stickerSetName=null, canSetStickerSet=null, permissions=null, slowModeDelay=null, bio=null, linkedChatId=null, location=null, messageAutoDeleteTime=null, hasPrivateForwards=null, HasProtectedContent=null, joinToSendMessages=null, joinByRequest=null, hasRestrictedVoiceAndVideoMessages=null, isForum=null, activeUsernames=null, emojiStatusCustomEmojiId=null), forwardFrom=null, forwardFromChat=null, forwardDate=null, text=Gggb, entities=null, captionEntities=null, audio=null, document=null, photo=null, sticker=null, video=null, contact=null, location=null, venue=null, animation=null, pinnedMessage=null, newChatMembers=[], leftChatMember=null, newChatTitle=null, newChatPhoto=null, deleteChatPhoto=null, groupchatCreated=null, replyToMessage=null, voice=null, caption=null, superGroupCreated=null, channelChatCreated=null, migrateToChatId=null, migrateFromChatId=null, editDate=1672500122, game=null, forwardFromMessageId=null, invoice=null, successfulPayment=null, videoNote=null, authorSignature=null, forwardSignature=null, mediaGroupId=null, connectedWebsite=null, passportData=null, forwardSenderName=null, poll=null, replyMarkup=null, dice=null, viaBot=null, senderChat=null, proximityAlertTriggered=null, messageAutoDeleteTimerChanged=null, isAutomaticForward=null, hasProtectedContent=null, webAppData=null, videoChatStarted=null, videoChatEnded=null, videoChatParticipantsInvited=null, videoChatScheduled=null, isTopicMessage=null, forumTopicCreated=null, forumTopicClosed=null, forumTopicReopened=null), channelPost=null, editedChannelPost=null, shippingQuery=null, preCheckoutQuery=null, poll=null, pollAnswer=null, myChatMember=null, chatMember=null, chatJoinRequest=null)
2022-12-31 22:47:09 DEBUG UpdateProducerImpl:20 - ff
2023-01-01 17:16:02 DEBUG UpdateProducerImpl:20 - Рр
2023-01-01 19:07:59 DEBUG UpdateProducerImpl:20 - Hello
2023-01-01 19:09:47 DEBUG UpdateProducerImpl:20 - 
2023-01-01 20:02:00 DEBUG UpdateProducerImpl:20 - Про
2023-01-01 21:15:46 ERROR UpdateController:35 - Unsupported message type is received: Update(updateId=124804282, message=null, inlineQuery=null, chosenInlineQuery=null, callbackQuery=null, editedMessage=null, channelPost=null, editedChannelPost=null, shippingQuery=null, preCheckoutQuery=null, poll=null, pollAnswer=null, myChatMember=ChatMemberUpdated(chat=Chat(id=211926267, type=private, title=null, firstName=Александр, lastName=Александров, userName=New_Telega, photo=null, description=null, inviteLink=null, pinnedMessage=null, stickerSetName=null, canSetStickerSet=null, permissions=null, slowModeDelay=null, bio=null, linkedChatId=null, location=null, messageAutoDeleteTime=null, hasPrivateForwards=null, HasProtectedContent=null, joinToSendMessages=null, joinByRequest=null, hasRestrictedVoiceAndVideoMessages=null, isForum=null, activeUsernames=null, emojiStatusCustomEmojiId=null), from=User(id=211926267, firstName=Александр, isBot=false, lastName=Александров, userName=New_Telega, languageCode=ru, canJoinGroups=null, canReadAllGroupMessages=null, supportInlineQueries=null, isPremium=null, addedToAttachmentMenu=null), date=1672596946, oldChatMember=ChatMemberMember(status=member, user=User(id=5965007153, firstName=CloudStorageBot, isBot=true, lastName=null, userName=icecube_storage_bot, languageCode=null, canJoinGroups=null, canReadAllGroupMessages=null, supportInlineQueries=null, isPremium=null, addedToAttachmentMenu=null)), newChatMember=ChatMemberBanned(status=kicked, user=User(id=5965007153, firstName=CloudStorageBot, isBot=true, lastName=null, userName=icecube_storage_bot, languageCode=null, canJoinGroups=null, canReadAllGroupMessages=null, supportInlineQueries=null, isPremium=null, addedToAttachmentMenu=null), untilDate=0), inviteLink=null), chatMember=null, chatJoinRequest=null)
2023-01-01 21:15:47 ERROR UpdateController:35 - Unsupported message type is received: Update(updateId=124804283, message=null, inlineQuery=null, chosenInlineQuery=null, callbackQuery=null, editedMessage=null, channelPost=null, editedChannelPost=null, shippingQuery=null, preCheckoutQuery=null, poll=null, pollAnswer=null, myChatMember=ChatMemberUpdated(chat=Chat(id=211926267, type=private, title=null, firstName=Александр, lastName=Александров, userName=New_Telega, photo=null, description=null, inviteLink=null, pinnedMessage=null, stickerSetName=null, canSetStickerSet=null, permissions=null, slowModeDelay=null, bio=null, linkedChatId=null, location=null, messageAutoDeleteTime=null, hasPrivateForwards=null, HasProtectedContent=null, joinToSendMessages=null, joinByRequest=null, hasRestrictedVoiceAndVideoMessages=null, isForum=null, activeUsernames=null, emojiStatusCustomEmojiId=null), from=User(id=211926267, firstName=Александр, isBot=false, lastName=Александров, userName=New_Telega, languageCode=ru, canJoinGroups=null, canReadAllGroupMessages=null, supportInlineQueries=null, isPremium=null, addedToAttachmentMenu=null), date=1672596947, oldChatMember=ChatMemberBanned(status=kicked, user=User(id=5965007153, firstName=CloudStorageBot, isBot=true, lastName=null, userName=icecube_storage_bot, languageCode=null, canJoinGroups=null, canReadAllGroupMessages=null, supportInlineQueries=null, isPremium=null, addedToAttachmentMenu=null), untilDate=0), newChatMember=ChatMemberMember(status=member, user=User(id=5965007153, firstName=CloudStorageBot, isBot=true, lastName=null, userName=icecube_storage_bot, languageCode=null, canJoinGroups=null, canReadAllGroupMessages=null, supportInlineQueries=null, isPremium=null, addedToAttachmentMenu=null)), inviteLink=null), chatMember=null, chatJoinRequest=null)
2023-01-01 21:15:47 DEBUG UpdateProducerImpl:20 - /start
2023-01-01 21:15:57 DEBUG UpdateProducerImpl:20 - /help
2023-01-01 21:16:02 DEBUG UpdateProducerImpl:20 - /cancel
2023-01-01 21:16:04 DEBUG UpdateProducerImpl:20 - /registration
2023-01-01 21:16:28 DEBUG UpdateProducerImpl:20 - /fdg
2023-01-01 21:16:58 DEBUG UpdateProducerImpl:20 - 
2023-01-01 21:20:27 DEBUG UpdateProducerImpl:20 - 
2023-01-01 21:20:36 DEBUG UpdateProducerImpl:20 - 
2023-01-01 21:36:29 DEBUG UpdateProducerImpl:20 - /help
2023-01-01 21:36:34 DEBUG UpdateProducerImpl:20 - /getSources
2023-01-01 23:02:04 DEBUG UpdateProducerImpl:20 - 
2023-01-01 23:32:14 DEBUG UpdateProducerImpl:20 - 
2023-01-02 00:32:01 DEBUG UpdateProducerImpl:20 - 
2023-01-02 01:31:04 DEBUG UpdateProducerImpl:20 - 
2023-01-02 01:31:17 DEBUG UpdateProducerImpl:20 - 
2023-01-02 01:34:42 DEBUG UpdateProducerImpl:20 - 
2023-01-02 01:35:57 DEBUG UpdateProducerImpl:20 - 
2023-01-02 01:36:43 DEBUG UpdateProducerImpl:20 - 
2023-01-02 01:44:43 DEBUG UpdateProducerImpl:20 - 
2023-01-02 01:46:57 DEBUG UpdateProducerImpl:20 - 
2023-01-02 01:52:17 DEBUG UpdateProducerImpl:20 - 
2023-01-02 01:53:32 DEBUG UpdateProducerImpl:20 - 
